# JRE version: Java(TM) SE Runtime Environment (7.0_45-b18) (build 1.7.0_45-b18)
# Java VM: Java HotSpot(TM) Client VM (24.45-b08 mixed mode windows-x86 )
Heap
 def new generation   total 4928K, used 4269K [0x0f010000, 0x0f560000, 0x14560000)
  eden space 4416K,  85% used [0x0f010000, 0x0f3bb660, 0x0f460000)
  from space 512K, 100% used [0x0f4e0000, 0x0f560000, 0x0f560000)
  to   space 512K,   0% used [0x0f460000, 0x0f460000, 0x0f4e0000)
 tenured generation   total 10944K, used 4593K [0x14560000, 0x15010000, 0x1f010000)
   the space 10944K,  41% used [0x14560000, 0x149dc550, 0x149dc600, 0x15010000)
 compacting perm gen  total 12288K, used 8208K [0x1f010000, 0x1fc10000, 0x23010000)
   the space 12288K,  66% used [0x1f010000, 0x1f814268, 0x1f814400, 0x1fc10000)
GC Heap History (10 events):
Event: 11.308 GC heap before
{Heap before GC invocations=12 (full 0):
 def new generation   total 4928K, used 4585K [0x0f010000, 0x0f560000, 0x14560000)
  eden space 4416K, 100% used [0x0f010000, 0x0f460000, 0x0f460000)
  from space 512K,  33% used [0x0f460000, 0x0f48a740, 0x0f4e0000)
  to   space 512K,   0% used [0x0f4e0000, 0x0f4e0000, 0x0f560000)
 tenured generation   total 10944K, used 3382K [0x14560000, 0x15010000, 0x1f010000)
   the space 10944K,  30% used [0x14560000, 0x148ad928, 0x148ada00, 0x15010000)
 compacting perm gen  total 12288K, used 6037K [0x1f010000, 0x1fc10000, 0x23010000)
   the space 12288K,  49% used [0x1f010000, 0x1f5f5548, 0x1f5f5600, 0x1fc10000)
No shared spaces configured.
Event: 11.309 GC heap after
Heap after GC invocations=13 (full 0):
 def new generation   total 4928K, used 204K [0x0f010000, 0x0f560000, 0x14560000)
  eden space 4416K,   0% used [0x0f010000, 0x0f010000, 0x0f460000)
  from space 512K,  40% used [0x0f4e0000, 0x0f5133f0, 0x0f560000)
  to   space 512K,   0% used [0x0f460000, 0x0f460000, 0x0f4e0000)
 tenured generation   total 10944K, used 3382K [0x14560000, 0x15010000, 0x1f010000)
   the space 10944K,  30% used [0x14560000, 0x148ad928, 0x148ada00, 0x15010000)
 compacting perm gen  total 12288K, used 6037K [0x1f010000, 0x1fc10000, 0x23010000)
   the space 12288K,  49% used [0x1f010000, 0x1f5f5548, 0x1f5f5600, 0x1fc10000)
No shared spaces configured.
}
Event: 11.923 GC heap before
{Heap before GC invocations=13 (full 0):
 def new generation   total 4928K, used 4620K [0x0f010000, 0x0f560000, 0x14560000)
  eden space 4416K, 100% used [0x0f010000, 0x0f460000, 0x0f460000)
  from space 512K,  40% used [0x0f4e0000, 0x0f5133f0, 0x0f560000)
  to   space 512K,   0% used [0x0f460000, 0x0f460000, 0x0f4e0000)
 tenured generation   total 10944K, used 3382K [0x14560000, 0x15010000, 0x1f010000)
   the space 10944K,  30% used [0x14560000, 0x148ad928, 0x148ada00, 0x15010000)
 compacting perm gen  total 12288K, used 6037K [0x1f010000, 0x1fc10000, 0x23010000)
   the space 12288K,  49% used [0x1f010000, 0x1f5f5558, 0x1f5f5600, 0x1fc10000)
No shared spaces configured.
Event: 11.924 GC heap after
Heap after GC invocations=14 (full 0):
 def new generation   total 4928K, used 205K [0x0f010000, 0x0f560000, 0x14560000)
  eden space 4416K,   0% used [0x0f010000, 0x0f010000, 0x0f460000)
  from space 512K,  40% used [0x0f460000, 0x0f493620, 0x0f4e0000)
  to   space 512K,   0% used [0x0f4e0000, 0x0f4e0000, 0x0f560000)
 tenured generation   total 10944K, used 3382K [0x14560000, 0x15010000, 0x1f010000)
   the space 10944K,  30% used [0x14560000, 0x148ad928, 0x148ada00, 0x15010000)
 compacting perm gen  total 12288K, used 6037K [0x1f010000, 0x1fc10000, 0x23010000)
   the space 12288K,  49% used [0x1f010000, 0x1f5f5558, 0x1f5f5600, 0x1fc10000)
No shared spaces configured.
}
Event: 12.407 GC heap before
{Heap before GC invocations=14 (full 0):
 def new generation   total 4928K, used 4620K [0x0f010000, 0x0f560000, 0x14560000)
  eden space 4416K,  99% used [0x0f010000, 0x0f45fdb8, 0x0f460000)
  from space 512K,  40% used [0x0f460000, 0x0f493620, 0x0f4e0000)
  to   space 512K,   0% used [0x0f4e0000, 0x0f4e0000, 0x0f560000)
 tenured generation   total 10944K, used 3382K [0x14560000, 0x15010000, 0x1f010000)
   the space 10944K,  30% used [0x14560000, 0x148ad928, 0x148ada00, 0x15010000)
 compacting perm gen  total 12288K, used 6041K [0x1f010000, 0x1fc10000, 0x23010000)
   the space 12288K,  49% used [0x1f010000, 0x1f5f6500, 0x1f5f6600, 0x1fc10000)
No shared spaces configured.
Event: 12.408 GC heap after
Heap after GC invocations=15 (full 0):
 def new generation   total 4928K, used 313K [0x0f010000, 0x0f560000, 0x14560000)
  eden space 4416K,   0% used [0x0f010000, 0x0f010000, 0x0f460000)
  from space 512K,  61% used [0x0f4e0000, 0x0f52e640, 0x0f560000)
  to   space 512K,   0% used [0x0f460000, 0x0f460000, 0x0f4e0000)
 tenured generation   total 10944K, used 3382K [0x14560000, 0x15010000, 0x1f010000)
   the space 10944K,  30% used [0x14560000, 0x148ad928, 0x148ada00, 0x15010000)
 compacting perm gen  total 12288K, used 6041K [0x1f010000, 0x1fc10000, 0x23010000)
   the space 12288K,  49% used [0x1f010000, 0x1f5f6500, 0x1f5f6600, 0x1fc10000)
No shared spaces configured.
}
Event: 13.109 GC heap before
{Heap before GC invocations=15 (full 0):
 def new generation   total 4928K, used 4712K [0x0f010000, 0x0f560000, 0x14560000)
  eden space 4416K,  99% used [0x0f010000, 0x0f45bb10, 0x0f460000)
  from space 512K,  61% used [0x0f4e0000, 0x0f52e640, 0x0f560000)
  to   space 512K,   0% used [0x0f460000, 0x0f460000, 0x0f4e0000)
 tenured generation   total 10944K, used 3382K [0x14560000, 0x15010000, 0x1f010000)
   the space 10944K,  30% used [0x14560000, 0x148ad928, 0x148ada00, 0x15010000)
 compacting perm gen  total 12288K, used 6439K [0x1f010000, 0x1fc10000, 0x23010000)
   the space 12288K,  52% used [0x1f010000, 0x1f659ca0, 0x1f659e00, 0x1fc10000)
No shared spaces configured.
Event: 13.111 GC heap after
Heap after GC invocations=16 (full 0):
 def new generation   total 4928K, used 512K [0x0f010000, 0x0f560000, 0x14560000)
  eden space 4416K,   0% used [0x0f010000, 0x0f010000, 0x0f460000)
  from space 512K, 100% used [0x0f460000, 0x0f4e0000, 0x0f4e0000)
  to   space 512K,   0% used [0x0f4e0000, 0x0f4e0000, 0x0f560000)
 tenured generation   total 10944K, used 3722K [0x14560000, 0x15010000, 0x1f010000)
   the space 10944K,  34% used [0x14560000, 0x14902a20, 0x14902c00, 0x15010000)
 compacting perm gen  total 12288K, used 6439K [0x1f010000, 0x1fc10000, 0x23010000)
   the space 12288K,  52% used [0x1f010000, 0x1f659ca0, 0x1f659e00, 0x1fc10000)
No shared spaces configured.
}
Event: 14.159 GC heap before
{Heap before GC invocations=16 (full 0):
 def new generation   total 4928K, used 4928K [0x0f010000, 0x0f560000, 0x14560000)
  eden space 4416K, 100% used [0x0f010000, 0x0f460000, 0x0f460000)
  from space 512K, 100% used [0x0f460000, 0x0f4e0000, 0x0f4e0000)
  to   space 512K,   0% used [0x0f4e0000, 0x0f4e0000, 0x0f560000)
 tenured generation   total 10944K, used 3722K [0x14560000, 0x15010000, 0x1f010000)
   the space 10944K,  34% used [0x14560000, 0x14902a20, 0x14902c00, 0x15010000)
 compacting perm gen  total 12288K, used 7719K [0x1f010000, 0x1fc10000, 0x23010000)
   the space 12288K,  62% used [0x1f010000, 0x1f799fd8, 0x1f79a000, 0x1fc10000)
No shared spaces configured.
Event: 14.164 GC heap after
Heap after GC invocations=17 (full 0):
 def new generation   total 4928K, used 512K [0x0f010000, 0x0f560000, 0x14560000)
  eden space 4416K,   0% used [0x0f010000, 0x0f010000, 0x0f460000)
  from space 512K, 100% used [0x0f4e0000, 0x0f560000, 0x0f560000)
  to   space 512K,   0% used [0x0f460000, 0x0f460000, 0x0f4e0000)
 tenured generation   total 10944K, used 4593K [0x14560000, 0x15010000, 0x1f010000)
   the space 10944K,  41% used [0x14560000, 0x149dc550, 0x149dc600, 0x15010000)
 compacting perm gen  total 12288K, used 7719K [0x1f010000, 0x1fc10000, 0x23010000)
   the space 12288K,  62% used [0x1f010000, 0x1f799fd8, 0x1f79a000, 0x1fc10000)
No shared spaces configured.
}

